{"C:\\Users\\Ogadi\\Desktop\\SEND-IT-APP\\dist\\server\\index.js":{"path":"C:\\Users\\Ogadi\\Desktop\\SEND-IT-APP\\dist\\server\\index.js","s":{"1":1,"2":1,"3":1,"4":1,"5":1,"6":1,"7":1,"8":1,"9":3,"10":1,"11":1,"12":1,"13":1,"14":1,"15":1,"16":1},"b":{"1":[2,1],"2":[3,3],"3":[1,0]},"f":{"1":3,"2":1},"fnMap":{"1":{"name":"_interopRequireDefault","line":19,"loc":{"start":{"line":19,"column":0},"end":{"line":19,"column":37}}},"2":{"name":"(anonymous_2)","line":27,"loc":{"start":{"line":27,"column":17},"end":{"line":27,"column":29}}}},"statementMap":{"1":{"start":{"line":3,"column":0},"end":{"line":5,"column":3}},"2":{"start":{"line":7,"column":0},"end":{"line":7,"column":34}},"3":{"start":{"line":9,"column":0},"end":{"line":9,"column":49}},"4":{"start":{"line":11,"column":0},"end":{"line":11,"column":41}},"5":{"start":{"line":13,"column":0},"end":{"line":13,"column":47}},"6":{"start":{"line":15,"column":0},"end":{"line":15,"column":39}},"7":{"start":{"line":17,"column":0},"end":{"line":17,"column":45}},"8":{"start":{"line":19,"column":0},"end":{"line":19,"column":95}},"9":{"start":{"line":19,"column":39},"end":{"line":19,"column":93}},"10":{"start":{"line":21,"column":0},"end":{"line":21,"column":35}},"11":{"start":{"line":23,"column":0},"end":{"line":23,"column":45}},"12":{"start":{"line":24,"column":0},"end":{"line":24,"column":42}},"13":{"start":{"line":26,"column":0},"end":{"line":26,"column":36}},"14":{"start":{"line":27,"column":0},"end":{"line":29,"column":3}},"15":{"start":{"line":28,"column":2},"end":{"line":28,"column":52}},"16":{"start":{"line":31,"column":0},"end":{"line":31,"column":22}}},"branchMap":{"1":{"line":19,"type":"cond-expr","locations":[{"start":{"line":19,"column":70},"end":{"line":19,"column":73}},{"start":{"line":19,"column":76},"end":{"line":19,"column":92}}]},"2":{"line":19,"type":"binary-expr","locations":[{"start":{"line":19,"column":46},"end":{"line":19,"column":49}},{"start":{"line":19,"column":53},"end":{"line":19,"column":67}}]},"3":{"line":26,"type":"binary-expr","locations":[{"start":{"line":26,"column":11},"end":{"line":26,"column":27}},{"start":{"line":26,"column":31},"end":{"line":26,"column":35}}]}}},"C:\\Users\\Ogadi\\Desktop\\SEND-IT-APP\\dist\\server\\routes\\orders.js":{"path":"C:\\Users\\Ogadi\\Desktop\\SEND-IT-APP\\dist\\server\\routes\\orders.js","s":{"1":1,"2":1,"3":1,"4":1,"5":1,"6":1,"7":1,"8":2,"9":1,"10":1,"11":1,"12":1,"13":1,"14":1,"15":1,"16":1,"17":1,"18":1,"19":2,"20":2,"21":5,"22":2,"23":1,"24":1,"25":1,"26":1,"27":1,"28":2,"29":2,"30":4,"31":2,"32":1,"33":1,"34":1,"35":1},"b":{"1":[2,0],"2":[2,2],"3":[1,1],"4":[1,1]},"f":{"1":2,"2":1,"3":2,"4":5,"5":1,"6":2,"7":4},"fnMap":{"1":{"name":"_interopRequireDefault","line":17,"loc":{"start":{"line":17,"column":0},"end":{"line":17,"column":37}}},"2":{"name":"(anonymous_2)","line":24,"loc":{"start":{"line":24,"column":38},"end":{"line":24,"column":58}}},"3":{"name":"(anonymous_3)","line":32,"loc":{"start":{"line":32,"column":25},"end":{"line":32,"column":45}}},"4":{"name":"(anonymous_4)","line":35,"loc":{"start":{"line":35,"column":40},"end":{"line":35,"column":53}}},"5":{"name":"(anonymous_5)","line":42,"loc":{"start":{"line":42,"column":16},"end":{"line":42,"column":36}}},"6":{"name":"(anonymous_6)","line":46,"loc":{"start":{"line":46,"column":33},"end":{"line":46,"column":53}}},"7":{"name":"(anonymous_7)","line":49,"loc":{"start":{"line":49,"column":46},"end":{"line":49,"column":59}}}},"statementMap":{"1":{"start":{"line":3,"column":0},"end":{"line":5,"column":3}},"2":{"start":{"line":7,"column":0},"end":{"line":7,"column":34}},"3":{"start":{"line":9,"column":0},"end":{"line":9,"column":46}},"4":{"start":{"line":11,"column":0},"end":{"line":11,"column":55}},"5":{"start":{"line":13,"column":0},"end":{"line":13,"column":53}},"6":{"start":{"line":15,"column":0},"end":{"line":15,"column":53}},"7":{"start":{"line":17,"column":0},"end":{"line":17,"column":95}},"8":{"start":{"line":17,"column":39},"end":{"line":17,"column":93}},"9":{"start":{"line":19,"column":0},"end":{"line":19,"column":36}},"10":{"start":{"line":21,"column":0},"end":{"line":21,"column":33}},"11":{"start":{"line":22,"column":0},"end":{"line":22,"column":57}},"12":{"start":{"line":24,"column":0},"end":{"line":30,"column":3}},"13":{"start":{"line":25,"column":2},"end":{"line":25,"column":23}},"14":{"start":{"line":26,"column":2},"end":{"line":26,"column":45}},"15":{"start":{"line":27,"column":2},"end":{"line":27,"column":28}},"16":{"start":{"line":28,"column":2},"end":{"line":28,"column":35}},"17":{"start":{"line":29,"column":2},"end":{"line":29,"column":30}},"18":{"start":{"line":32,"column":0},"end":{"line":40,"column":3}},"19":{"start":{"line":33,"column":2},"end":{"line":33,"column":37}},"20":{"start":{"line":35,"column":2},"end":{"line":37,"column":5}},"21":{"start":{"line":36,"column":4},"end":{"line":36,"column":45}},"22":{"start":{"line":38,"column":2},"end":{"line":38,"column":74}},"23":{"start":{"line":38,"column":14},"end":{"line":38,"column":74}},"24":{"start":{"line":39,"column":2},"end":{"line":39,"column":30}},"25":{"start":{"line":42,"column":0},"end":{"line":44,"column":3}},"26":{"start":{"line":43,"column":2},"end":{"line":43,"column":45}},"27":{"start":{"line":46,"column":0},"end":{"line":55,"column":3}},"28":{"start":{"line":47,"column":2},"end":{"line":47,"column":37}},"29":{"start":{"line":49,"column":2},"end":{"line":51,"column":5}},"30":{"start":{"line":50,"column":4},"end":{"line":50,"column":45}},"31":{"start":{"line":52,"column":2},"end":{"line":52,"column":80}},"32":{"start":{"line":52,"column":20},"end":{"line":52,"column":80}},"33":{"start":{"line":53,"column":2},"end":{"line":53,"column":35}},"34":{"start":{"line":54,"column":2},"end":{"line":54,"column":36}},"35":{"start":{"line":57,"column":0},"end":{"line":57,"column":25}}},"branchMap":{"1":{"line":17,"type":"cond-expr","locations":[{"start":{"line":17,"column":70},"end":{"line":17,"column":73}},{"start":{"line":17,"column":76},"end":{"line":17,"column":92}}]},"2":{"line":17,"type":"binary-expr","locations":[{"start":{"line":17,"column":46},"end":{"line":17,"column":49}},{"start":{"line":17,"column":53},"end":{"line":17,"column":67}}]},"3":{"line":38,"type":"if","locations":[{"start":{"line":38,"column":2},"end":{"line":38,"column":2}},{"start":{"line":38,"column":2},"end":{"line":38,"column":2}}]},"4":{"line":52,"type":"if","locations":[{"start":{"line":52,"column":2},"end":{"line":52,"column":2}},{"start":{"line":52,"column":2},"end":{"line":52,"column":2}}]}}},"C:\\Users\\Ogadi\\Desktop\\SEND-IT-APP\\dist\\server\\db\\parcelData.js":{"path":"C:\\Users\\Ogadi\\Desktop\\SEND-IT-APP\\dist\\server\\db\\parcelData.js","s":{"1":1,"2":1},"b":{},"f":{},"fnMap":{},"statementMap":{"1":{"start":{"line":3,"column":0},"end":{"line":5,"column":3}},"2":{"start":{"line":6,"column":0},"end":{"line":14,"column":3}}},"branchMap":{}},"C:\\Users\\Ogadi\\Desktop\\SEND-IT-APP\\dist\\server\\middlewares\\validator.js":{"path":"C:\\Users\\Ogadi\\Desktop\\SEND-IT-APP\\dist\\server\\middlewares\\validator.js","s":{"1":1,"2":1,"3":3,"4":3,"5":1,"6":2,"7":2,"8":2,"9":2,"10":2,"11":1,"12":1,"13":1},"b":{"1":[1,2],"2":[3,3,3,3,2],"3":[1,1],"4":[2,1,1,1]},"f":{"1":3},"fnMap":{"1":{"name":"validator","line":7,"loc":{"start":{"line":7,"column":0},"end":{"line":7,"column":35}}}},"statementMap":{"1":{"start":{"line":3,"column":0},"end":{"line":5,"column":3}},"2":{"start":{"line":7,"column":0},"end":{"line":30,"column":1}},"3":{"start":{"line":8,"column":2},"end":{"line":13,"column":54}},"4":{"start":{"line":16,"column":2},"end":{"line":18,"column":3}},"5":{"start":{"line":17,"column":4},"end":{"line":17,"column":67}},"6":{"start":{"line":20,"column":2},"end":{"line":20,"column":125}},"7":{"start":{"line":21,"column":2},"end":{"line":21,"column":47}},"8":{"start":{"line":22,"column":2},"end":{"line":22,"column":49}},"9":{"start":{"line":23,"column":2},"end":{"line":23,"column":50}},"10":{"start":{"line":25,"column":2},"end":{"line":27,"column":3}},"11":{"start":{"line":26,"column":4},"end":{"line":26,"column":71}},"12":{"start":{"line":29,"column":2},"end":{"line":29,"column":9}},"13":{"start":{"line":32,"column":0},"end":{"line":32,"column":28}}},"branchMap":{"1":{"line":16,"type":"if","locations":[{"start":{"line":16,"column":2},"end":{"line":16,"column":2}},{"start":{"line":16,"column":2},"end":{"line":16,"column":2}}]},"2":{"line":16,"type":"binary-expr","locations":[{"start":{"line":16,"column":6},"end":{"line":16,"column":13}},{"start":{"line":16,"column":17},"end":{"line":16,"column":31}},{"start":{"line":16,"column":35},"end":{"line":16,"column":51}},{"start":{"line":16,"column":55},"end":{"line":16,"column":68}},{"start":{"line":16,"column":72},"end":{"line":16,"column":90}}]},"3":{"line":25,"type":"if","locations":[{"start":{"line":25,"column":2},"end":{"line":25,"column":2}},{"start":{"line":25,"column":2},"end":{"line":25,"column":2}}]},"4":{"line":25,"type":"binary-expr","locations":[{"start":{"line":25,"column":6},"end":{"line":25,"column":15}},{"start":{"line":25,"column":19},"end":{"line":25,"column":27}},{"start":{"line":25,"column":31},"end":{"line":25,"column":39}},{"start":{"line":25,"column":43},"end":{"line":25,"column":51}}]}}},"C:\\Users\\Ogadi\\Desktop\\SEND-IT-APP\\dist\\server\\routes\\users.js":{"path":"C:\\Users\\Ogadi\\Desktop\\SEND-IT-APP\\dist\\server\\routes\\users.js","s":{"1":1,"2":1,"3":1,"4":1,"5":1,"6":1,"7":1,"8":1,"9":1,"10":1,"11":2,"12":2,"13":6,"14":2,"15":1,"16":1,"17":1},"b":{"1":[1,0],"2":[1,1],"3":[1,1]},"f":{"1":1,"2":2,"3":6},"fnMap":{"1":{"name":"_interopRequireDefault","line":13,"loc":{"start":{"line":13,"column":0},"end":{"line":13,"column":37}}},"2":{"name":"(anonymous_2)","line":20,"loc":{"start":{"line":20,"column":31},"end":{"line":20,"column":51}}},"3":{"name":"(anonymous_3)","line":23,"loc":{"start":{"line":23,"column":47},"end":{"line":23,"column":60}}}},"statementMap":{"1":{"start":{"line":3,"column":0},"end":{"line":5,"column":3}},"2":{"start":{"line":7,"column":0},"end":{"line":7,"column":34}},"3":{"start":{"line":9,"column":0},"end":{"line":9,"column":46}},"4":{"start":{"line":11,"column":0},"end":{"line":11,"column":55}},"5":{"start":{"line":13,"column":0},"end":{"line":13,"column":95}},"6":{"start":{"line":13,"column":39},"end":{"line":13,"column":93}},"7":{"start":{"line":15,"column":0},"end":{"line":15,"column":36}},"8":{"start":{"line":17,"column":0},"end":{"line":17,"column":33}},"9":{"start":{"line":18,"column":0},"end":{"line":18,"column":57}},"10":{"start":{"line":20,"column":0},"end":{"line":28,"column":3}},"11":{"start":{"line":21,"column":2},"end":{"line":21,"column":33}},"12":{"start":{"line":23,"column":2},"end":{"line":25,"column":5}},"13":{"start":{"line":24,"column":4},"end":{"line":24,"column":31}},"14":{"start":{"line":26,"column":2},"end":{"line":26,"column":100}},"15":{"start":{"line":26,"column":31},"end":{"line":26,"column":100}},"16":{"start":{"line":27,"column":2},"end":{"line":27,"column":35}},"17":{"start":{"line":30,"column":0},"end":{"line":30,"column":25}}},"branchMap":{"1":{"line":13,"type":"cond-expr","locations":[{"start":{"line":13,"column":70},"end":{"line":13,"column":73}},{"start":{"line":13,"column":76},"end":{"line":13,"column":92}}]},"2":{"line":13,"type":"binary-expr","locations":[{"start":{"line":13,"column":46},"end":{"line":13,"column":49}},{"start":{"line":13,"column":53},"end":{"line":13,"column":67}}]},"3":{"line":26,"type":"if","locations":[{"start":{"line":26,"column":2},"end":{"line":26,"column":2}},{"start":{"line":26,"column":2},"end":{"line":26,"column":2}}]}}},"C:\\Users\\Ogadi\\Desktop\\SEND-IT-APP\\dist\\spec\\testSpec.js":{"path":"C:\\Users\\Ogadi\\Desktop\\SEND-IT-APP\\dist\\spec\\testSpec.js","s":{"1":1,"2":1,"3":1,"4":1,"5":1,"6":1,"7":2,"8":1,"9":1,"10":1,"11":1,"12":1,"13":1,"14":1,"15":1,"16":1,"17":1,"18":1,"19":1,"20":1,"21":1,"22":1,"23":1,"24":1,"25":1,"26":1,"27":1,"28":1,"29":1,"30":1,"31":1,"32":1,"33":1,"34":1,"35":1,"36":1,"37":1,"38":1,"39":1,"40":1,"41":1,"42":1,"43":1,"44":1,"45":1,"46":1,"47":1,"48":1,"49":1,"50":1,"51":1,"52":1,"53":1,"54":1,"55":1},"b":{"1":[1,1],"2":[2,2]},"f":{"1":2,"2":1,"3":1,"4":1,"5":1,"6":1,"7":1,"8":1,"9":1,"10":1,"11":1,"12":1,"13":1,"14":1,"15":1,"16":1,"17":1,"18":1,"19":1,"20":1,"21":1,"22":1,"23":1,"24":1,"25":1,"26":1,"27":1,"28":1,"29":1,"30":1,"31":1,"32":1,"33":1,"34":1,"35":1,"36":1},"fnMap":{"1":{"name":"_interopRequireDefault","line":13,"loc":{"start":{"line":13,"column":0},"end":{"line":13,"column":37}}},"2":{"name":"(anonymous_2)","line":16,"loc":{"start":{"line":16,"column":50},"end":{"line":16,"column":62}}},"3":{"name":"(anonymous_3)","line":17,"loc":{"start":{"line":17,"column":114},"end":{"line":17,"column":130}}},"4":{"name":"(anonymous_4)","line":18,"loc":{"start":{"line":18,"column":122},"end":{"line":18,"column":137}}},"5":{"name":"(anonymous_5)","line":20,"loc":{"start":{"line":20,"column":11},"end":{"line":20,"column":23}}},"6":{"name":"(anonymous_6)","line":25,"loc":{"start":{"line":25,"column":84},"end":{"line":25,"column":100}}},"7":{"name":"(anonymous_7)","line":26,"loc":{"start":{"line":26,"column":120},"end":{"line":26,"column":135}}},"8":{"name":"(anonymous_8)","line":28,"loc":{"start":{"line":28,"column":11},"end":{"line":28,"column":23}}},"9":{"name":"(anonymous_9)","line":33,"loc":{"start":{"line":33,"column":107},"end":{"line":33,"column":123}}},"10":{"name":"(anonymous_10)","line":34,"loc":{"start":{"line":34,"column":120},"end":{"line":34,"column":135}}},"11":{"name":"(anonymous_11)","line":37,"loc":{"start":{"line":37,"column":11},"end":{"line":37,"column":23}}},"12":{"name":"(anonymous_12)","line":44,"loc":{"start":{"line":44,"column":45},"end":{"line":44,"column":57}}},"13":{"name":"(anonymous_13)","line":45,"loc":{"start":{"line":45,"column":101},"end":{"line":45,"column":117}}},"14":{"name":"(anonymous_14)","line":46,"loc":{"start":{"line":46,"column":88},"end":{"line":46,"column":103}}},"15":{"name":"(anonymous_15)","line":48,"loc":{"start":{"line":48,"column":11},"end":{"line":48,"column":23}}},"16":{"name":"(anonymous_16)","line":54,"loc":{"start":{"line":54,"column":63},"end":{"line":54,"column":75}}},"17":{"name":"(anonymous_17)","line":55,"loc":{"start":{"line":55,"column":100},"end":{"line":55,"column":116}}},"18":{"name":"(anonymous_18)","line":58,"loc":{"start":{"line":58,"column":60},"end":{"line":58,"column":75}}},"19":{"name":"(anonymous_19)","line":60,"loc":{"start":{"line":60,"column":11},"end":{"line":60,"column":23}}},"20":{"name":"(anonymous_20)","line":65,"loc":{"start":{"line":65,"column":106},"end":{"line":65,"column":122}}},"21":{"name":"(anonymous_21)","line":68,"loc":{"start":{"line":68,"column":59},"end":{"line":68,"column":74}}},"22":{"name":"(anonymous_22)","line":70,"loc":{"start":{"line":70,"column":11},"end":{"line":70,"column":23}}},"23":{"name":"(anonymous_23)","line":77,"loc":{"start":{"line":77,"column":51},"end":{"line":77,"column":63}}},"24":{"name":"(anonymous_24)","line":78,"loc":{"start":{"line":78,"column":84},"end":{"line":78,"column":100}}},"25":{"name":"(anonymous_25)","line":81,"loc":{"start":{"line":81,"column":55},"end":{"line":81,"column":70}}},"26":{"name":"(anonymous_26)","line":83,"loc":{"start":{"line":83,"column":11},"end":{"line":83,"column":23}}},"27":{"name":"(anonymous_27)","line":88,"loc":{"start":{"line":88,"column":76},"end":{"line":88,"column":92}}},"28":{"name":"(anonymous_28)","line":91,"loc":{"start":{"line":91,"column":49},"end":{"line":91,"column":64}}},"29":{"name":"(anonymous_29)","line":94,"loc":{"start":{"line":94,"column":11},"end":{"line":94,"column":23}}},"30":{"name":"(anonymous_30)","line":101,"loc":{"start":{"line":101,"column":50},"end":{"line":101,"column":62}}},"31":{"name":"(anonymous_31)","line":102,"loc":{"start":{"line":102,"column":110},"end":{"line":102,"column":126}}},"32":{"name":"(anonymous_32)","line":105,"loc":{"start":{"line":105,"column":59},"end":{"line":105,"column":74}}},"33":{"name":"(anonymous_33)","line":107,"loc":{"start":{"line":107,"column":11},"end":{"line":107,"column":23}}},"34":{"name":"(anonymous_34)","line":113,"loc":{"start":{"line":113,"column":111},"end":{"line":113,"column":127}}},"35":{"name":"(anonymous_35)","line":116,"loc":{"start":{"line":116,"column":42},"end":{"line":116,"column":57}}},"36":{"name":"(anonymous_36)","line":119,"loc":{"start":{"line":119,"column":9},"end":{"line":119,"column":21}}}},"statementMap":{"1":{"start":{"line":3,"column":0},"end":{"line":3,"column":38}},"2":{"start":{"line":5,"column":0},"end":{"line":5,"column":53}},"3":{"start":{"line":7,"column":0},"end":{"line":7,"column":42}},"4":{"start":{"line":9,"column":0},"end":{"line":9,"column":40}},"5":{"start":{"line":11,"column":0},"end":{"line":11,"column":45}},"6":{"start":{"line":13,"column":0},"end":{"line":13,"column":95}},"7":{"start":{"line":13,"column":39},"end":{"line":13,"column":93}},"8":{"start":{"line":16,"column":0},"end":{"line":41,"column":3}},"9":{"start":{"line":17,"column":2},"end":{"line":23,"column":5}},"10":{"start":{"line":18,"column":4},"end":{"line":22,"column":7}},"11":{"start":{"line":19,"column":6},"end":{"line":19,"column":58}},"12":{"start":{"line":21,"column":6},"end":{"line":21,"column":13}},"13":{"start":{"line":25,"column":2},"end":{"line":31,"column":5}},"14":{"start":{"line":26,"column":4},"end":{"line":30,"column":7}},"15":{"start":{"line":27,"column":6},"end":{"line":27,"column":62}},"16":{"start":{"line":29,"column":6},"end":{"line":29,"column":13}},"17":{"start":{"line":33,"column":2},"end":{"line":40,"column":5}},"18":{"start":{"line":34,"column":4},"end":{"line":39,"column":7}},"19":{"start":{"line":35,"column":6},"end":{"line":35,"column":43}},"20":{"start":{"line":36,"column":6},"end":{"line":36,"column":151}},"21":{"start":{"line":38,"column":6},"end":{"line":38,"column":13}},"22":{"start":{"line":44,"column":0},"end":{"line":52,"column":3}},"23":{"start":{"line":45,"column":2},"end":{"line":51,"column":5}},"24":{"start":{"line":46,"column":4},"end":{"line":50,"column":7}},"25":{"start":{"line":47,"column":6},"end":{"line":47,"column":79}},"26":{"start":{"line":49,"column":6},"end":{"line":49,"column":13}},"27":{"start":{"line":54,"column":0},"end":{"line":74,"column":3}},"28":{"start":{"line":55,"column":2},"end":{"line":63,"column":5}},"29":{"start":{"line":56,"column":4},"end":{"line":62,"column":7}},"30":{"start":{"line":59,"column":6},"end":{"line":59,"column":64}},"31":{"start":{"line":61,"column":6},"end":{"line":61,"column":13}},"32":{"start":{"line":65,"column":2},"end":{"line":73,"column":5}},"33":{"start":{"line":66,"column":4},"end":{"line":72,"column":7}},"34":{"start":{"line":69,"column":6},"end":{"line":69,"column":79}},"35":{"start":{"line":71,"column":6},"end":{"line":71,"column":13}},"36":{"start":{"line":77,"column":0},"end":{"line":98,"column":3}},"37":{"start":{"line":78,"column":2},"end":{"line":86,"column":5}},"38":{"start":{"line":79,"column":4},"end":{"line":85,"column":7}},"39":{"start":{"line":82,"column":6},"end":{"line":82,"column":55}},"40":{"start":{"line":84,"column":6},"end":{"line":84,"column":13}},"41":{"start":{"line":88,"column":2},"end":{"line":97,"column":5}},"42":{"start":{"line":89,"column":4},"end":{"line":96,"column":7}},"43":{"start":{"line":92,"column":6},"end":{"line":92,"column":43}},"44":{"start":{"line":93,"column":6},"end":{"line":93,"column":151}},"45":{"start":{"line":95,"column":6},"end":{"line":95,"column":13}},"46":{"start":{"line":101,"column":0},"end":{"line":111,"column":3}},"47":{"start":{"line":102,"column":2},"end":{"line":110,"column":5}},"48":{"start":{"line":103,"column":4},"end":{"line":109,"column":7}},"49":{"start":{"line":106,"column":6},"end":{"line":106,"column":55}},"50":{"start":{"line":108,"column":6},"end":{"line":108,"column":13}},"51":{"start":{"line":113,"column":0},"end":{"line":122,"column":3}},"52":{"start":{"line":114,"column":2},"end":{"line":121,"column":5}},"53":{"start":{"line":117,"column":4},"end":{"line":117,"column":33}},"54":{"start":{"line":118,"column":4},"end":{"line":118,"column":46}},"55":{"start":{"line":120,"column":4},"end":{"line":120,"column":11}}},"branchMap":{"1":{"line":13,"type":"cond-expr","locations":[{"start":{"line":13,"column":70},"end":{"line":13,"column":73}},{"start":{"line":13,"column":76},"end":{"line":13,"column":92}}]},"2":{"line":13,"type":"binary-expr","locations":[{"start":{"line":13,"column":46},"end":{"line":13,"column":49}},{"start":{"line":13,"column":53},"end":{"line":13,"column":67}}]}}},"C:\\Users\\Ogadi\\Desktop\\SEND-IT-APP\\dist\\spec\\testHelper.js":{"path":"C:\\Users\\Ogadi\\Desktop\\SEND-IT-APP\\dist\\spec\\testHelper.js","s":{"1":1,"2":1,"3":1,"4":1,"5":1,"6":1,"7":1},"b":{},"f":{},"fnMap":{},"statementMap":{"1":{"start":{"line":3,"column":0},"end":{"line":5,"column":3}},"2":{"start":{"line":6,"column":0},"end":{"line":12,"column":2}},"3":{"start":{"line":14,"column":0},"end":{"line":21,"column":2}},"4":{"start":{"line":23,"column":0},"end":{"line":31,"column":2}},"5":{"start":{"line":33,"column":0},"end":{"line":33,"column":40}},"6":{"start":{"line":34,"column":0},"end":{"line":34,"column":36}},"7":{"start":{"line":35,"column":0},"end":{"line":35,"column":36}}},"branchMap":{}}}