TN:
SF:C:\Users\Ogadi\Desktop\SEND-IT-APP\dist\server\index.js
FN:19,_interopRequireDefault
FN:27,(anonymous_2)
FNF:2
FNH:2
FNDA:3,_interopRequireDefault
FNDA:1,(anonymous_2)
DA:3,1
DA:7,1
DA:9,1
DA:11,1
DA:13,1
DA:15,1
DA:17,1
DA:19,3
DA:21,1
DA:23,1
DA:24,1
DA:26,1
DA:27,1
DA:28,1
DA:31,1
LF:15
LH:15
BRDA:19,1,0,2
BRDA:19,1,1,1
BRDA:19,2,0,3
BRDA:19,2,1,3
BRDA:26,3,0,1
BRDA:26,3,1,0
BRF:6
BRH:5
end_of_record
TN:
SF:C:\Users\Ogadi\Desktop\SEND-IT-APP\dist\server\routes\orders.js
FN:17,_interopRequireDefault
FN:24,(anonymous_2)
FN:32,(anonymous_3)
FN:35,(anonymous_4)
FN:42,(anonymous_5)
FN:46,(anonymous_6)
FN:49,(anonymous_7)
FNF:7
FNH:7
FNDA:2,_interopRequireDefault
FNDA:1,(anonymous_2)
FNDA:2,(anonymous_3)
FNDA:4,(anonymous_4)
FNDA:1,(anonymous_5)
FNDA:2,(anonymous_6)
FNDA:4,(anonymous_7)
DA:3,1
DA:7,1
DA:9,1
DA:11,1
DA:13,1
DA:15,1
DA:17,2
DA:19,1
DA:21,1
DA:22,1
DA:24,1
DA:25,1
DA:26,1
DA:27,1
DA:28,1
DA:29,1
DA:32,1
DA:33,2
DA:35,2
DA:36,4
DA:38,2
DA:39,1
DA:42,1
DA:43,1
DA:46,1
DA:47,2
DA:49,2
DA:50,4
DA:52,2
DA:53,1
DA:54,1
DA:57,1
LF:32
LH:32
BRDA:17,1,0,2
BRDA:17,1,1,0
BRDA:17,2,0,2
BRDA:17,2,1,2
BRDA:38,3,0,1
BRDA:38,3,1,1
BRDA:52,4,0,1
BRDA:52,4,1,1
BRF:8
BRH:7
end_of_record
TN:
SF:C:\Users\Ogadi\Desktop\SEND-IT-APP\dist\server\db\parcelData.js
FNF:0
FNH:0
DA:3,1
DA:6,1
LF:2
LH:2
BRF:0
BRH:0
end_of_record
TN:
SF:C:\Users\Ogadi\Desktop\SEND-IT-APP\dist\server\middlewares\validator.js
FN:7,validator
FNF:1
FNH:1
FNDA:3,validator
DA:3,1
DA:7,1
DA:8,3
DA:16,3
DA:17,1
DA:20,2
DA:21,2
DA:22,2
DA:23,2
DA:25,2
DA:26,1
DA:29,1
DA:32,1
LF:13
LH:13
BRDA:16,1,0,1
BRDA:16,1,1,2
BRDA:16,2,0,3
BRDA:16,2,1,3
BRDA:16,2,2,3
BRDA:16,2,3,3
BRDA:16,2,4,2
BRDA:25,3,0,1
BRDA:25,3,1,1
BRDA:25,4,0,2
BRDA:25,4,1,1
BRDA:25,4,2,1
BRDA:25,4,3,1
BRF:13
BRH:13
end_of_record
TN:
SF:C:\Users\Ogadi\Desktop\SEND-IT-APP\dist\server\routes\users.js
FN:13,_interopRequireDefault
FN:20,(anonymous_2)
FN:23,(anonymous_3)
FNF:3
FNH:3
FNDA:1,_interopRequireDefault
FNDA:2,(anonymous_2)
FNDA:8,(anonymous_3)
DA:3,1
DA:7,1
DA:9,1
DA:11,1
DA:13,1
DA:15,1
DA:17,1
DA:18,1
DA:20,1
DA:21,2
DA:23,2
DA:24,8
DA:26,2
DA:27,1
DA:30,1
LF:15
LH:15
BRDA:13,1,0,1
BRDA:13,1,1,0
BRDA:13,2,0,1
BRDA:13,2,1,1
BRDA:26,3,0,1
BRDA:26,3,1,1
BRF:6
BRH:5
end_of_record
TN:
SF:C:\Users\Ogadi\Desktop\SEND-IT-APP\dist\spec\testSpec.js
FN:13,_interopRequireDefault
FN:16,(anonymous_2)
FN:17,(anonymous_3)
FN:18,(anonymous_4)
FN:20,(anonymous_5)
FN:25,(anonymous_6)
FN:26,(anonymous_7)
FN:28,(anonymous_8)
FN:33,(anonymous_9)
FN:34,(anonymous_10)
FN:37,(anonymous_11)
FN:44,(anonymous_12)
FN:45,(anonymous_13)
FN:46,(anonymous_14)
FN:48,(anonymous_15)
FN:54,(anonymous_16)
FN:55,(anonymous_17)
FN:58,(anonymous_18)
FN:60,(anonymous_19)
FN:65,(anonymous_20)
FN:68,(anonymous_21)
FN:70,(anonymous_22)
FN:77,(anonymous_23)
FN:78,(anonymous_24)
FN:81,(anonymous_25)
FN:83,(anonymous_26)
FN:88,(anonymous_27)
FN:91,(anonymous_28)
FN:94,(anonymous_29)
FN:101,(anonymous_30)
FN:102,(anonymous_31)
FN:105,(anonymous_32)
FN:107,(anonymous_33)
FN:113,(anonymous_34)
FN:116,(anonymous_35)
FN:119,(anonymous_36)
FNF:36
FNH:36
FNDA:2,_interopRequireDefault
FNDA:1,(anonymous_2)
FNDA:1,(anonymous_3)
FNDA:1,(anonymous_4)
FNDA:1,(anonymous_5)
FNDA:1,(anonymous_6)
FNDA:1,(anonymous_7)
FNDA:1,(anonymous_8)
FNDA:1,(anonymous_9)
FNDA:1,(anonymous_10)
FNDA:1,(anonymous_11)
FNDA:1,(anonymous_12)
FNDA:1,(anonymous_13)
FNDA:1,(anonymous_14)
FNDA:1,(anonymous_15)
FNDA:1,(anonymous_16)
FNDA:1,(anonymous_17)
FNDA:1,(anonymous_18)
FNDA:1,(anonymous_19)
FNDA:1,(anonymous_20)
FNDA:1,(anonymous_21)
FNDA:1,(anonymous_22)
FNDA:1,(anonymous_23)
FNDA:1,(anonymous_24)
FNDA:1,(anonymous_25)
FNDA:1,(anonymous_26)
FNDA:1,(anonymous_27)
FNDA:1,(anonymous_28)
FNDA:1,(anonymous_29)
FNDA:1,(anonymous_30)
FNDA:1,(anonymous_31)
FNDA:1,(anonymous_32)
FNDA:1,(anonymous_33)
FNDA:1,(anonymous_34)
FNDA:1,(anonymous_35)
FNDA:1,(anonymous_36)
DA:3,1
DA:5,1
DA:7,1
DA:9,1
DA:11,1
DA:13,2
DA:16,1
DA:17,1
DA:18,1
DA:19,1
DA:21,1
DA:25,1
DA:26,1
DA:27,1
DA:29,1
DA:33,1
DA:34,1
DA:35,1
DA:36,1
DA:38,1
DA:44,1
DA:45,1
DA:46,1
DA:47,1
DA:49,1
DA:54,1
DA:55,1
DA:56,1
DA:59,1
DA:61,1
DA:65,1
DA:66,1
DA:69,1
DA:71,1
DA:77,1
DA:78,1
DA:79,1
DA:82,1
DA:84,1
DA:88,1
DA:89,1
DA:92,1
DA:93,1
DA:95,1
DA:101,1
DA:102,1
DA:103,1
DA:106,1
DA:108,1
DA:113,1
DA:114,1
DA:117,1
DA:118,1
DA:120,1
LF:54
LH:54
BRDA:13,1,0,1
BRDA:13,1,1,1
BRDA:13,2,0,2
BRDA:13,2,1,2
BRF:4
BRH:4
end_of_record
TN:
SF:C:\Users\Ogadi\Desktop\SEND-IT-APP\dist\spec\testHelper.js
FNF:0
FNH:0
DA:3,1
DA:6,1
DA:14,1
DA:23,1
DA:33,1
DA:34,1
DA:35,1
LF:7
LH:7
BRF:0
BRH:0
end_of_record
